Using pre-set license
Built from '2020.3/staging' branch; Version is '2020.3.25f1 (9b9180224418) revision 10195328'; Using compiler version '192528614'; Build Type 'Release'
OS: 'Windows 10  (10.0.19044) 64bit Professional' Language: 'en' Physical Memory: 16326 MB
BatchMode: 1, IsHumanControllingUs: 0, StartBugReporterOnCrash: 0, Is64bit: 1, IsPro: 0

COMMAND LINE ARGUMENTS:
G:\Unity\2020.3.25f1\Editor\Unity.exe
-adb2
-batchMode
-noUpm
-name
AssetImportWorker0
-projectPath
G:/UnityProjects/GitHub/RunnerWorker/RunnerWorker/RunnerWorker
-logFile
Logs/AssetImportWorker0.log
-srvPort
28313
Successfully changed project path to: G:/UnityProjects/GitHub/RunnerWorker/RunnerWorker/RunnerWorker
G:/UnityProjects/GitHub/RunnerWorker/RunnerWorker/RunnerWorker
Using Asset Import Pipeline V2.
Refreshing native plugins compatible for Editor in 36.48 ms, found 2 plugins.
Preloading 0 native plugins for Editor in 0.00 ms.
Initialize engine version: 2020.3.25f1 (9b9180224418)
[Subsystems] Discovering subsystems at path G:/Unity/2020.3.25f1/Editor/Data/Resources/UnitySubsystems
[Subsystems] Discovering subsystems at path G:/UnityProjects/GitHub/RunnerWorker/RunnerWorker/RunnerWorker/Assets
GfxDevice: creating device client; threaded=0
Direct3D:
    Version:  Direct3D 11.0 [level 11.1]
    Renderer: Radeon RX 570 Series (ID=0x67df)
    Vendor:   
    VRAM:     4075 MB
    Driver:   30.0.14011.3017
Initialize mono
Mono path[0] = 'G:/Unity/2020.3.25f1/Editor/Data/Managed'
Mono path[1] = 'G:/Unity/2020.3.25f1/Editor/Data/MonoBleedingEdge/lib/mono/unityjit'
Mono config path = 'G:/Unity/2020.3.25f1/Editor/Data/MonoBleedingEdge/etc'
Using monoOptions --debugger-agent=transport=dt_socket,embedding=1,server=y,suspend=n,address=127.0.0.1:56532
Begin MonoManager ReloadAssembly
Registering precompiled unity dll's ...
Register platform support module: G:/Unity/2020.3.25f1/Editor/Data/PlaybackEngines/WindowsStandaloneSupport/UnityEditor.WindowsStandalone.Extensions.dll
Registered in 0.001555 seconds.
Native extension for WindowsStandalone target not found
Refreshing native plugins compatible for Editor in 33.44 ms, found 2 plugins.
Preloading 0 native plugins for Editor in 0.00 ms.
Mono: successfully reloaded assembly
- Completed reload, in  0.569 seconds
Domain Reload Profiling:
	ReloadAssembly (574ms)
		BeginReloadAssembly (64ms)
			ExecutionOrderSort (0ms)
			DisableScriptedObjects (0ms)
			BackupInstance (0ms)
			ReleaseScriptingObjects (0ms)
			CreateAndSetChildDomain (1ms)
		EndReloadAssembly (439ms)
			LoadAssemblies (59ms)
			RebuildTransferFunctionScriptingTraits (0ms)
			SetupTypeCache (151ms)
			ReleaseScriptCaches (0ms)
			RebuildScriptCaches (32ms)
			SetupLoadedEditorAssemblies (160ms)
				LogAssemblyErrors (0ms)
				InitializePlatformSupportModulesInManaged (5ms)
				SetLoadedEditorAssemblies (0ms)
				RefreshPlugins (35ms)
				BeforeProcessingInitializeOnLoad (8ms)
				ProcessInitializeOnLoadAttributes (84ms)
				ProcessInitializeOnLoadMethodAttributes (27ms)
				AfterProcessingInitializeOnLoad (0ms)
				EditorAssembliesLoaded (0ms)
			ExecutionOrderSort2 (0ms)
			AwakeInstancesAfterBackupRestoration (0ms)
Platform modules already initialized, skipping
Registering precompiled user dll's ...
Registered in 0.004195 seconds.
Begin MonoManager ReloadAssembly
Native extension for WindowsStandalone target not found
Refreshing native plugins compatible for Editor in 0.40 ms, found 2 plugins.
Preloading 0 native plugins for Editor in 0.00 ms.
Mono: successfully reloaded assembly
- Completed reload, in  0.947 seconds
Domain Reload Profiling:
	ReloadAssembly (948ms)
		BeginReloadAssembly (141ms)
			ExecutionOrderSort (0ms)
			DisableScriptedObjects (5ms)
			BackupInstance (0ms)
			ReleaseScriptingObjects (0ms)
			CreateAndSetChildDomain (17ms)
		EndReloadAssembly (754ms)
			LoadAssemblies (87ms)
			RebuildTransferFunctionScriptingTraits (0ms)
			SetupTypeCache (277ms)
			ReleaseScriptCaches (0ms)
			RebuildScriptCaches (40ms)
			SetupLoadedEditorAssemblies (269ms)
				LogAssemblyErrors (0ms)
				InitializePlatformSupportModulesInManaged (5ms)
				SetLoadedEditorAssemblies (1ms)
				RefreshPlugins (1ms)
				BeforeProcessingInitializeOnLoad (53ms)
				ProcessInitializeOnLoadAttributes (198ms)
				ProcessInitializeOnLoadMethodAttributes (9ms)
				AfterProcessingInitializeOnLoad (2ms)
				EditorAssembliesLoaded (0ms)
			ExecutionOrderSort2 (0ms)
			AwakeInstancesAfterBackupRestoration (6ms)
Platform modules already initialized, skipping
========================================================================
Worker process is ready to serve import requests
Launched and connected shader compiler UnityShaderCompiler.exe after 0.07 seconds
Refreshing native plugins compatible for Editor in 0.39 ms, found 2 plugins.
Preloading 0 native plugins for Editor in 0.00 ms.
Unloading 1602 Unused Serialized files (Serialized files now loaded: 0)
System memory in use before: 71.4 MB.
System memory in use after: 71.5 MB.

Unloading 32 unused Assets to reduce memory usage. Loaded Objects now: 2021.
Total: 2.568200 ms (FindLiveObjects: 0.124800 ms CreateObjectMapping: 0.051800 ms MarkObjects: 2.335000 ms  DeleteObjects: 0.055500 ms)

AssetImportParameters requested are different than current active one (requested -> active):
  custom:framework-win-MediaFoundation: 216162199b28c13a410421893ffa2e32 -> 
  custom:video-decoder-ogg-theora: a1e56fd34408186e4bbccfd4996cb3dc -> 
  custom:container-muxer-webm: aa71ff27fc2769a1b78a27578f13a17b -> 
  custom:container-demuxer-webm: 4f35f7cbe854078d1ac9338744f61a02 -> 
  custom:container-demuxer-ogg: 62fdf1f143b41e24485cea50d1cbac27 -> 
  custom:video-encoder-webm-vp8: eb34c28f22e8b96e1ab97ce403110664 -> 
  custom:video-decoder-webm-vp8: 9c59270c3fd7afecdb556c50c9e8de78 -> 
  custom:audio-decoder-ogg-vorbis: bf7c407c2cedff20999df2af8eb42d56 -> 
  custom:audio-encoder-webm-vorbis: bf7c407c2cedff20999df2af8eb42d56 -> 
========================================================================
Received Import Request.
  path: Assets
  artifactKey: Guid(00000000000000001000000000000000) Importer(815301076,1909f56bfc062723c751e8b465ee728b)
Start importing Assets using Guid(00000000000000001000000000000000) Importer(815301076,1909f56bfc062723c751e8b465ee728b)  -> (artifact id: '42d402b061de3733987d63b9cc3b64de') in 0.005683 seconds 
  Import took 0.007969 seconds .

========================================================================
Received Import Request.
  Time since last request: 3.014549 seconds.
  path: Assets/Runner
  artifactKey: Guid(f7f0296c3e1211c40bf7a5c28c97c43e) Importer(815301076,1909f56bfc062723c751e8b465ee728b)
Start importing Assets/Runner using Guid(f7f0296c3e1211c40bf7a5c28c97c43e) Importer(815301076,1909f56bfc062723c751e8b465ee728b)  -> (artifact id: '221c33459abaea9a80cd8aadc3b71cdc') in 0.003180 seconds 
  Import took 0.005613 seconds .

========================================================================
Received Import Request.
  Time since last request: 7.542827 seconds.
  path: Assets/Runner/Scripts
  artifactKey: Guid(fcc53d37ce3de8e4487b335a8aa0fdef) Importer(815301076,1909f56bfc062723c751e8b465ee728b)
Start importing Assets/Runner/Scripts using Guid(fcc53d37ce3de8e4487b335a8aa0fdef) Importer(815301076,1909f56bfc062723c751e8b465ee728b)  -> (artifact id: 'adca850f1cca2d094947ec9f2fa316f8') in 0.003791 seconds 
  Import took 0.006286 seconds .

========================================================================
Received Import Request.
  Time since last request: 12.259228 seconds.
  path: Assets/Runner/Prefabs
  artifactKey: Guid(f4a852d8cb236b645b212f50d4f36db8) Importer(815301076,1909f56bfc062723c751e8b465ee728b)
Start importing Assets/Runner/Prefabs using Guid(f4a852d8cb236b645b212f50d4f36db8) Importer(815301076,1909f56bfc062723c751e8b465ee728b)  -> (artifact id: '0592aa9196f0b1161d2b8be4f32f441b') in 0.004630 seconds 
  Import took 0.007945 seconds .

========================================================================
Received Import Request.
  Time since last request: 25.613250 seconds.
  path: Assets/Runner/Scripts/MoveForward.cs
  artifactKey: Guid(d59919c2daea2b147b8a05c681596482) Importer(815301076,1909f56bfc062723c751e8b465ee728b)
Start importing Assets/Runner/Scripts/MoveForward.cs using Guid(d59919c2daea2b147b8a05c681596482) Importer(815301076,1909f56bfc062723c751e8b465ee728b)  -> (artifact id: '260e724e72d5ff759d151a7d00400750') in 0.031989 seconds 
  Import took 0.034428 seconds .

========================================================================
Received Prepare
Registering precompiled user dll's ...
Registered in 0.004062 seconds.
Begin MonoManager ReloadAssembly
Native extension for WindowsStandalone target not found
Refreshing native plugins compatible for Editor in 0.40 ms, found 2 plugins.
Preloading 0 native plugins for Editor in 0.00 ms.
Mono: successfully reloaded assembly
- Completed reload, in  0.920 seconds
Domain Reload Profiling:
	ReloadAssembly (921ms)
		BeginReloadAssembly (105ms)
			ExecutionOrderSort (0ms)
			DisableScriptedObjects (5ms)
			BackupInstance (0ms)
			ReleaseScriptingObjects (0ms)
			CreateAndSetChildDomain (31ms)
		EndReloadAssembly (761ms)
			LoadAssemblies (90ms)
			RebuildTransferFunctionScriptingTraits (0ms)
			SetupTypeCache (293ms)
			ReleaseScriptCaches (1ms)
			RebuildScriptCaches (35ms)
			SetupLoadedEditorAssemblies (261ms)
				LogAssemblyErrors (0ms)
				InitializePlatformSupportModulesInManaged (4ms)
				SetLoadedEditorAssemblies (1ms)
				RefreshPlugins (1ms)
				BeforeProcessingInitializeOnLoad (49ms)
				ProcessInitializeOnLoadAttributes (195ms)
				ProcessInitializeOnLoadMethodAttributes (9ms)
				AfterProcessingInitializeOnLoad (2ms)
				EditorAssembliesLoaded (0ms)
			ExecutionOrderSort2 (0ms)
			AwakeInstancesAfterBackupRestoration (7ms)
Platform modules already initialized, skipping
Refreshing native plugins compatible for Editor in 0.49 ms, found 2 plugins.
Preloading 0 native plugins for Editor in 0.00 ms.
Unloading 1597 Unused Serialized files (Serialized files now loaded: 0)
System memory in use before: 71.3 MB.
System memory in use after: 71.4 MB.

Unloading 27 unused Assets to reduce memory usage. Loaded Objects now: 2024.
Total: 3.103700 ms (FindLiveObjects: 0.168500 ms CreateObjectMapping: 0.054500 ms MarkObjects: 2.857900 ms  DeleteObjects: 0.020900 ms)

AssetImportParameters requested are different than current active one (requested -> active):
  custom:framework-win-MediaFoundation: 216162199b28c13a410421893ffa2e32 -> 
  custom:video-decoder-ogg-theora: a1e56fd34408186e4bbccfd4996cb3dc -> 
  custom:container-muxer-webm: aa71ff27fc2769a1b78a27578f13a17b -> 
  custom:container-demuxer-webm: 4f35f7cbe854078d1ac9338744f61a02 -> 
  custom:container-demuxer-ogg: 62fdf1f143b41e24485cea50d1cbac27 -> 
  custom:video-encoder-webm-vp8: eb34c28f22e8b96e1ab97ce403110664 -> 
  custom:video-decoder-webm-vp8: 9c59270c3fd7afecdb556c50c9e8de78 -> 
  custom:audio-decoder-ogg-vorbis: bf7c407c2cedff20999df2af8eb42d56 -> 
  custom:audio-encoder-webm-vorbis: bf7c407c2cedff20999df2af8eb42d56 -> 
========================================================================
Received Prepare
Registering precompiled user dll's ...
Registered in 0.004266 seconds.
Begin MonoManager ReloadAssembly
Native extension for WindowsStandalone target not found
Refreshing native plugins compatible for Editor in 0.40 ms, found 2 plugins.
Preloading 0 native plugins for Editor in 0.00 ms.
Mono: successfully reloaded assembly
- Completed reload, in  0.872 seconds
Domain Reload Profiling:
	ReloadAssembly (873ms)
		BeginReloadAssembly (102ms)
			ExecutionOrderSort (0ms)
			DisableScriptedObjects (4ms)
			BackupInstance (0ms)
			ReleaseScriptingObjects (0ms)
			CreateAndSetChildDomain (31ms)
		EndReloadAssembly (717ms)
			LoadAssemblies (89ms)
			RebuildTransferFunctionScriptingTraits (0ms)
			SetupTypeCache (262ms)
			ReleaseScriptCaches (1ms)
			RebuildScriptCaches (37ms)
			SetupLoadedEditorAssemblies (244ms)
				LogAssemblyErrors (0ms)
				InitializePlatformSupportModulesInManaged (4ms)
				SetLoadedEditorAssemblies (0ms)
				RefreshPlugins (1ms)
				BeforeProcessingInitializeOnLoad (46ms)
				ProcessInitializeOnLoadAttributes (182ms)
				ProcessInitializeOnLoadMethodAttributes (8ms)
				AfterProcessingInitializeOnLoad (2ms)
				EditorAssembliesLoaded (0ms)
			ExecutionOrderSort2 (0ms)
			AwakeInstancesAfterBackupRestoration (6ms)
Platform modules already initialized, skipping
Refreshing native plugins compatible for Editor in 0.45 ms, found 2 plugins.
Preloading 0 native plugins for Editor in 0.00 ms.
Unloading 1597 Unused Serialized files (Serialized files now loaded: 0)
System memory in use before: 71.3 MB.
System memory in use after: 71.4 MB.

Unloading 27 unused Assets to reduce memory usage. Loaded Objects now: 2026.
Total: 2.642700 ms (FindLiveObjects: 0.140100 ms CreateObjectMapping: 0.050200 ms MarkObjects: 2.430100 ms  DeleteObjects: 0.021000 ms)

AssetImportParameters requested are different than current active one (requested -> active):
  custom:framework-win-MediaFoundation: 216162199b28c13a410421893ffa2e32 -> 
  custom:video-decoder-ogg-theora: a1e56fd34408186e4bbccfd4996cb3dc -> 
  custom:container-muxer-webm: aa71ff27fc2769a1b78a27578f13a17b -> 
  custom:container-demuxer-webm: 4f35f7cbe854078d1ac9338744f61a02 -> 
  custom:container-demuxer-ogg: 62fdf1f143b41e24485cea50d1cbac27 -> 
  custom:video-encoder-webm-vp8: eb34c28f22e8b96e1ab97ce403110664 -> 
  custom:video-decoder-webm-vp8: 9c59270c3fd7afecdb556c50c9e8de78 -> 
  custom:audio-decoder-ogg-vorbis: bf7c407c2cedff20999df2af8eb42d56 -> 
  custom:audio-encoder-webm-vorbis: bf7c407c2cedff20999df2af8eb42d56 -> 
========================================================================
Received Import Request.
  Time since last request: 29.888179 seconds.
  path: Assets/Runner/Scripts/MoveForward.cs
  artifactKey: Guid(d59919c2daea2b147b8a05c681596482) Importer(815301076,1909f56bfc062723c751e8b465ee728b)
Start importing Assets/Runner/Scripts/MoveForward.cs using Guid(d59919c2daea2b147b8a05c681596482) Importer(815301076,1909f56bfc062723c751e8b465ee728b)  -> (artifact id: '02f337d3630c91651dcbb60f23fb416e') in 0.004962 seconds 
  Import took 0.007402 seconds .

AssetImportWorkerClient::OnTransportError - code=2 error=End of file
